Compiling the C compiler identification source file "CMakeCCompilerId.c" failed.
Compiler: D:/VisualStudio/Community/VC# 
Build flags: 
Id flags:  

The output was:
拒绝访问。


Compiling the C compiler identification source file "CMakeCCompilerId.c" failed.
Compiler: D:/VisualStudio/Community/VC# 
Build flags: 
Id flags: -c 

The output was:
拒绝访问。


Compiling the C compiler identification source file "CMakeCCompilerId.c" failed.
Compiler: D:/VisualStudio/Community/VC# 
Build flags: 
Id flags: -Aa 

The output was:
拒绝访问。


Compiling the C compiler identification source file "CMakeCCompilerId.c" failed.
Compiler: D:/VisualStudio/Community/VC# 
Build flags: 
Id flags: -D__CLASSIC_C__ 

The output was:
拒绝访问。


Compiling the C compiler identification source file "CMakeCCompilerId.c" failed.
Compiler: D:/VisualStudio/Community/VC# 
Build flags: 
Id flags: --target=arm-arm-none-eabi;-mcpu=cortex-m3 

The output was:
拒绝访问。


Compiling the C compiler identification source file "CMakeCCompilerId.c" failed.
Compiler: D:/VisualStudio/Community/VC# 
Build flags: 
Id flags:  

The output was:
拒绝访问。


Compiling the C compiler identification source file "CMakeCCompilerId.c" failed.
Compiler: D:/VisualStudio/Community/VC# 
Build flags: 
Id flags: -c 

The output was:
拒绝访问。


Compiling the C compiler identification source file "CMakeCCompilerId.c" failed.
Compiler: D:/VisualStudio/Community/VC# 
Build flags: 
Id flags: -Aa 

The output was:
拒绝访问。


Compiling the C compiler identification source file "CMakeCCompilerId.c" failed.
Compiler: D:/VisualStudio/Community/VC# 
Build flags: 
Id flags: -D__CLASSIC_C__ 

The output was:
拒绝访问。


Compiling the C compiler identification source file "CMakeCCompilerId.c" failed.
Compiler: D:/VisualStudio/Community/VC# 
Build flags: 
Id flags: --target=arm-arm-none-eabi;-mcpu=cortex-m3 

The output was:
拒绝访问。


Checking whether the C compiler is IAR using "" did not match "IAR .+ Compiler":
Checking whether the C compiler is IAR using "" did not match "IAR .+ Compiler":
Compiling the CXX compiler identification source file "CMakeCXXCompilerId.cpp" failed.
Compiler: D:/VisualStudio/Community/VC 
Build flags: 
Id flags:  

The output was:
拒绝访问。


Compiling the CXX compiler identification source file "CMakeCXXCompilerId.cpp" failed.
Compiler: D:/VisualStudio/Community/VC 
Build flags: 
Id flags: -c 

The output was:
拒绝访问。


Compiling the CXX compiler identification source file "CMakeCXXCompilerId.cpp" failed.
Compiler: D:/VisualStudio/Community/VC 
Build flags: 
Id flags: --c++ 

The output was:
拒绝访问。


Compiling the CXX compiler identification source file "CMakeCXXCompilerId.cpp" failed.
Compiler: D:/VisualStudio/Community/VC 
Build flags: 
Id flags: --ec++ 

The output was:
拒绝访问。


Compiling the CXX compiler identification source file "CMakeCXXCompilerId.cpp" failed.
Compiler: D:/VisualStudio/Community/VC 
Build flags: 
Id flags: --target=arm-arm-none-eabi;-mcpu=cortex-m3 

The output was:
拒绝访问。


Compiling the CXX compiler identification source file "CMakeCXXCompilerId.cpp" failed.
Compiler: D:/VisualStudio/Community/VC 
Build flags: 
Id flags:  

The output was:
拒绝访问。


Compiling the CXX compiler identification source file "CMakeCXXCompilerId.cpp" failed.
Compiler: D:/VisualStudio/Community/VC 
Build flags: 
Id flags: -c 

The output was:
拒绝访问。


Compiling the CXX compiler identification source file "CMakeCXXCompilerId.cpp" failed.
Compiler: D:/VisualStudio/Community/VC 
Build flags: 
Id flags: --c++ 

The output was:
拒绝访问。


Compiling the CXX compiler identification source file "CMakeCXXCompilerId.cpp" failed.
Compiler: D:/VisualStudio/Community/VC 
Build flags: 
Id flags: --ec++ 

The output was:
拒绝访问。


Compiling the CXX compiler identification source file "CMakeCXXCompilerId.cpp" failed.
Compiler: D:/VisualStudio/Community/VC 
Build flags: 
Id flags: --target=arm-arm-none-eabi;-mcpu=cortex-m3 

The output was:
拒绝访问。


Checking whether the CXX compiler is IAR using "" did not match "IAR .+ Compiler":
Checking whether the CXX compiler is IAR using "" did not match "IAR .+ Compiler":
Determining if the C compiler works failed with the following output:
Change Dir: Z:/Users/PC/CLionProjects/mc_server_save_app/cmake-build-debug/CMakeFiles/CMakeTmp

Run Build Command(s):D:/VisualStudio/Community/Common7 /nologo cmTC_877a6\fast && 拒绝访问。
Generator: execution of make failed. Make command was: D:/VisualStudio/Community/Common7 /nologo cmTC_877a6\fast && 


Compiling the C compiler identification source file "CMakeCCompilerId.c" failed.
Compiler: D:/VisualStudio/Community/VC# 
Build flags: 
Id flags:  

The output was:
拒绝访问。


Compiling the C compiler identification source file "CMakeCCompilerId.c" failed.
Compiler: D:/VisualStudio/Community/VC# 
Build flags: 
Id flags: -c 

The output was:
拒绝访问。


Compiling the C compiler identification source file "CMakeCCompilerId.c" failed.
Compiler: D:/VisualStudio/Community/VC# 
Build flags: 
Id flags: -Aa 

The output was:
拒绝访问。


Compiling the C compiler identification source file "CMakeCCompilerId.c" failed.
Compiler: D:/VisualStudio/Community/VC# 
Build flags: 
Id flags: -D__CLASSIC_C__ 

The output was:
拒绝访问。


Compiling the C compiler identification source file "CMakeCCompilerId.c" failed.
Compiler: D:/VisualStudio/Community/VC# 
Build flags: 
Id flags: --target=arm-arm-none-eabi;-mcpu=cortex-m3 

The output was:
拒绝访问。


Compiling the C compiler identification source file "CMakeCCompilerId.c" failed.
Compiler: D:/VisualStudio/Community/VC# 
Build flags: 
Id flags:  

The output was:
拒绝访问。


Compiling the C compiler identification source file "CMakeCCompilerId.c" failed.
Compiler: D:/VisualStudio/Community/VC# 
Build flags: 
Id flags: -c 

The output was:
拒绝访问。


Compiling the C compiler identification source file "CMakeCCompilerId.c" failed.
Compiler: D:/VisualStudio/Community/VC# 
Build flags: 
Id flags: -Aa 

The output was:
拒绝访问。


Compiling the C compiler identification source file "CMakeCCompilerId.c" failed.
Compiler: D:/VisualStudio/Community/VC# 
Build flags: 
Id flags: -D__CLASSIC_C__ 

The output was:
拒绝访问。


Compiling the C compiler identification source file "CMakeCCompilerId.c" failed.
Compiler: D:/VisualStudio/Community/VC# 
Build flags: 
Id flags: --target=arm-arm-none-eabi;-mcpu=cortex-m3 

The output was:
拒绝访问。


Checking whether the C compiler is IAR using "" did not match "IAR .+ Compiler":
Checking whether the C compiler is IAR using "" did not match "IAR .+ Compiler":
Compiling the CXX compiler identification source file "CMakeCXXCompilerId.cpp" failed.
Compiler: D:/VisualStudio/Community/VC 
Build flags: 
Id flags:  

The output was:
拒绝访问。


Compiling the CXX compiler identification source file "CMakeCXXCompilerId.cpp" failed.
Compiler: D:/VisualStudio/Community/VC 
Build flags: 
Id flags: -c 

The output was:
拒绝访问。


Compiling the CXX compiler identification source file "CMakeCXXCompilerId.cpp" failed.
Compiler: D:/VisualStudio/Community/VC 
Build flags: 
Id flags: --c++ 

The output was:
拒绝访问。


Compiling the CXX compiler identification source file "CMakeCXXCompilerId.cpp" failed.
Compiler: D:/VisualStudio/Community/VC 
Build flags: 
Id flags: --ec++ 

The output was:
拒绝访问。


Compiling the CXX compiler identification source file "CMakeCXXCompilerId.cpp" failed.
Compiler: D:/VisualStudio/Community/VC 
Build flags: 
Id flags: --target=arm-arm-none-eabi;-mcpu=cortex-m3 

The output was:
拒绝访问。


Compiling the CXX compiler identification source file "CMakeCXXCompilerId.cpp" failed.
Compiler: D:/VisualStudio/Community/VC 
Build flags: 
Id flags:  

The output was:
拒绝访问。


Compiling the CXX compiler identification source file "CMakeCXXCompilerId.cpp" failed.
Compiler: D:/VisualStudio/Community/VC 
Build flags: 
Id flags: -c 

The output was:
拒绝访问。


Compiling the CXX compiler identification source file "CMakeCXXCompilerId.cpp" failed.
Compiler: D:/VisualStudio/Community/VC 
Build flags: 
Id flags: --c++ 

The output was:
拒绝访问。


Compiling the CXX compiler identification source file "CMakeCXXCompilerId.cpp" failed.
Compiler: D:/VisualStudio/Community/VC 
Build flags: 
Id flags: --ec++ 

The output was:
拒绝访问。


Compiling the CXX compiler identification source file "CMakeCXXCompilerId.cpp" failed.
Compiler: D:/VisualStudio/Community/VC 
Build flags: 
Id flags: --target=arm-arm-none-eabi;-mcpu=cortex-m3 

The output was:
拒绝访问。


Checking whether the CXX compiler is IAR using "" did not match "IAR .+ Compiler":
Checking whether the CXX compiler is IAR using "" did not match "IAR .+ Compiler":
Determining if the C compiler works failed with the following output:
Change Dir: Z:/Users/PC/CLionProjects/mc_server_save_app/cmake-build-debug/CMakeFiles/CMakeTmp

Run Build Command(s):D:/VisualStudio/Community/Common7 /nologo cmTC_a0826\fast && 拒绝访问。
Generator: execution of make failed. Make command was: D:/VisualStudio/Community/Common7 /nologo cmTC_a0826\fast && 


Compiling the C compiler identification source file "CMakeCCompilerId.c" failed.
Compiler: D:/VisualStudio/Community/VC# 
Build flags: 
Id flags:  

The output was:
拒绝访问。


Compiling the C compiler identification source file "CMakeCCompilerId.c" failed.
Compiler: D:/VisualStudio/Community/VC# 
Build flags: 
Id flags: -c 

The output was:
拒绝访问。


Compiling the C compiler identification source file "CMakeCCompilerId.c" failed.
Compiler: D:/VisualStudio/Community/VC# 
Build flags: 
Id flags: -Aa 

The output was:
拒绝访问。


Compiling the C compiler identification source file "CMakeCCompilerId.c" failed.
Compiler: D:/VisualStudio/Community/VC# 
Build flags: 
Id flags: -D__CLASSIC_C__ 

The output was:
拒绝访问。


Compiling the C compiler identification source file "CMakeCCompilerId.c" failed.
Compiler: D:/VisualStudio/Community/VC# 
Build flags: 
Id flags: --target=arm-arm-none-eabi;-mcpu=cortex-m3 

The output was:
拒绝访问。


Compiling the C compiler identification source file "CMakeCCompilerId.c" failed.
Compiler: D:/VisualStudio/Community/VC# 
Build flags: 
Id flags:  

The output was:
拒绝访问。


Compiling the C compiler identification source file "CMakeCCompilerId.c" failed.
Compiler: D:/VisualStudio/Community/VC# 
Build flags: 
Id flags: -c 

The output was:
拒绝访问。


Compiling the C compiler identification source file "CMakeCCompilerId.c" failed.
Compiler: D:/VisualStudio/Community/VC# 
Build flags: 
Id flags: -Aa 

The output was:
拒绝访问。


Compiling the C compiler identification source file "CMakeCCompilerId.c" failed.
Compiler: D:/VisualStudio/Community/VC# 
Build flags: 
Id flags: -D__CLASSIC_C__ 

The output was:
拒绝访问。


Compiling the C compiler identification source file "CMakeCCompilerId.c" failed.
Compiler: D:/VisualStudio/Community/VC# 
Build flags: 
Id flags: --target=arm-arm-none-eabi;-mcpu=cortex-m3 

The output was:
拒绝访问。


Checking whether the C compiler is IAR using "" did not match "IAR .+ Compiler":
Checking whether the C compiler is IAR using "" did not match "IAR .+ Compiler":
Compiling the CXX compiler identification source file "CMakeCXXCompilerId.cpp" failed.
Compiler: D:/VisualStudio/Community/VC 
Build flags: 
Id flags:  

The output was:
拒绝访问。


Compiling the CXX compiler identification source file "CMakeCXXCompilerId.cpp" failed.
Compiler: D:/VisualStudio/Community/VC 
Build flags: 
Id flags: -c 

The output was:
拒绝访问。


Compiling the CXX compiler identification source file "CMakeCXXCompilerId.cpp" failed.
Compiler: D:/VisualStudio/Community/VC 
Build flags: 
Id flags: --c++ 

The output was:
拒绝访问。


Compiling the CXX compiler identification source file "CMakeCXXCompilerId.cpp" failed.
Compiler: D:/VisualStudio/Community/VC 
Build flags: 
Id flags: --ec++ 

The output was:
拒绝访问。


Compiling the CXX compiler identification source file "CMakeCXXCompilerId.cpp" failed.
Compiler: D:/VisualStudio/Community/VC 
Build flags: 
Id flags: --target=arm-arm-none-eabi;-mcpu=cortex-m3 

The output was:
拒绝访问。


Compiling the CXX compiler identification source file "CMakeCXXCompilerId.cpp" failed.
Compiler: D:/VisualStudio/Community/VC 
Build flags: 
Id flags:  

The output was:
拒绝访问。


Compiling the CXX compiler identification source file "CMakeCXXCompilerId.cpp" failed.
Compiler: D:/VisualStudio/Community/VC 
Build flags: 
Id flags: -c 

The output was:
拒绝访问。


Compiling the CXX compiler identification source file "CMakeCXXCompilerId.cpp" failed.
Compiler: D:/VisualStudio/Community/VC 
Build flags: 
Id flags: --c++ 

The output was:
拒绝访问。


Compiling the CXX compiler identification source file "CMakeCXXCompilerId.cpp" failed.
Compiler: D:/VisualStudio/Community/VC 
Build flags: 
Id flags: --ec++ 

The output was:
拒绝访问。


Compiling the CXX compiler identification source file "CMakeCXXCompilerId.cpp" failed.
Compiler: D:/VisualStudio/Community/VC 
Build flags: 
Id flags: --target=arm-arm-none-eabi;-mcpu=cortex-m3 

The output was:
拒绝访问。


Checking whether the CXX compiler is IAR using "" did not match "IAR .+ Compiler":
Checking whether the CXX compiler is IAR using "" did not match "IAR .+ Compiler":
Determining if the C compiler works failed with the following output:
Change Dir: Z:/Users/PC/CLionProjects/mc_server_save_app/cmake-build-debug/CMakeFiles/CMakeTmp

Run Build Command(s):D:/VisualStudio/Community/Common7 /nologo cmTC_2aa74\fast && 拒绝访问。
Generator: execution of make failed. Make command was: D:/VisualStudio/Community/Common7 /nologo cmTC_2aa74\fast && 


Compiling the C compiler identification source file "CMakeCCompilerId.c" failed.
Compiler: D:/VisualStudio/Community/VC# 
Build flags: 
Id flags:  

The output was:
拒绝访问。


Compiling the C compiler identification source file "CMakeCCompilerId.c" failed.
Compiler: D:/VisualStudio/Community/VC# 
Build flags: 
Id flags: -c 

The output was:
拒绝访问。


Compiling the C compiler identification source file "CMakeCCompilerId.c" failed.
Compiler: D:/VisualStudio/Community/VC# 
Build flags: 
Id flags: -Aa 

The output was:
拒绝访问。


Compiling the C compiler identification source file "CMakeCCompilerId.c" failed.
Compiler: D:/VisualStudio/Community/VC# 
Build flags: 
Id flags: -D__CLASSIC_C__ 

The output was:
拒绝访问。


Compiling the C compiler identification source file "CMakeCCompilerId.c" failed.
Compiler: D:/VisualStudio/Community/VC# 
Build flags: 
Id flags: --target=arm-arm-none-eabi;-mcpu=cortex-m3 

The output was:
拒绝访问。


Compiling the C compiler identification source file "CMakeCCompilerId.c" failed.
Compiler: D:/VisualStudio/Community/VC# 
Build flags: 
Id flags:  

The output was:
拒绝访问。


Compiling the C compiler identification source file "CMakeCCompilerId.c" failed.
Compiler: D:/VisualStudio/Community/VC# 
Build flags: 
Id flags: -c 

The output was:
拒绝访问。


Compiling the C compiler identification source file "CMakeCCompilerId.c" failed.
Compiler: D:/VisualStudio/Community/VC# 
Build flags: 
Id flags: -Aa 

The output was:
拒绝访问。


Compiling the C compiler identification source file "CMakeCCompilerId.c" failed.
Compiler: D:/VisualStudio/Community/VC# 
Build flags: 
Id flags: -D__CLASSIC_C__ 

The output was:
拒绝访问。


Compiling the C compiler identification source file "CMakeCCompilerId.c" failed.
Compiler: D:/VisualStudio/Community/VC# 
Build flags: 
Id flags: --target=arm-arm-none-eabi;-mcpu=cortex-m3 

The output was:
拒绝访问。


Checking whether the C compiler is IAR using "" did not match "IAR .+ Compiler":
Checking whether the C compiler is IAR using "" did not match "IAR .+ Compiler":
Compiling the CXX compiler identification source file "CMakeCXXCompilerId.cpp" failed.
Compiler: D:/VisualStudio/Community/VC 
Build flags: 
Id flags:  

The output was:
拒绝访问。


Compiling the CXX compiler identification source file "CMakeCXXCompilerId.cpp" failed.
Compiler: D:/VisualStudio/Community/VC 
Build flags: 
Id flags: -c 

The output was:
拒绝访问。


Compiling the CXX compiler identification source file "CMakeCXXCompilerId.cpp" failed.
Compiler: D:/VisualStudio/Community/VC 
Build flags: 
Id flags: --c++ 

The output was:
拒绝访问。


Compiling the CXX compiler identification source file "CMakeCXXCompilerId.cpp" failed.
Compiler: D:/VisualStudio/Community/VC 
Build flags: 
Id flags: --ec++ 

The output was:
拒绝访问。


Compiling the CXX compiler identification source file "CMakeCXXCompilerId.cpp" failed.
Compiler: D:/VisualStudio/Community/VC 
Build flags: 
Id flags: --target=arm-arm-none-eabi;-mcpu=cortex-m3 

The output was:
拒绝访问。


Compiling the CXX compiler identification source file "CMakeCXXCompilerId.cpp" failed.
Compiler: D:/VisualStudio/Community/VC 
Build flags: 
Id flags:  

The output was:
拒绝访问。


Compiling the CXX compiler identification source file "CMakeCXXCompilerId.cpp" failed.
Compiler: D:/VisualStudio/Community/VC 
Build flags: 
Id flags: -c 

The output was:
拒绝访问。


Compiling the CXX compiler identification source file "CMakeCXXCompilerId.cpp" failed.
Compiler: D:/VisualStudio/Community/VC 
Build flags: 
Id flags: --c++ 

The output was:
拒绝访问。


Compiling the CXX compiler identification source file "CMakeCXXCompilerId.cpp" failed.
Compiler: D:/VisualStudio/Community/VC 
Build flags: 
Id flags: --ec++ 

The output was:
拒绝访问。


Compiling the CXX compiler identification source file "CMakeCXXCompilerId.cpp" failed.
Compiler: D:/VisualStudio/Community/VC 
Build flags: 
Id flags: --target=arm-arm-none-eabi;-mcpu=cortex-m3 

The output was:
拒绝访问。


Checking whether the CXX compiler is IAR using "" did not match "IAR .+ Compiler":
Checking whether the CXX compiler is IAR using "" did not match "IAR .+ Compiler":
Determining if the C compiler works failed with the following output:
Change Dir: Z:/Users/PC/CLionProjects/mc_server_save_app/cmake-build-debug/CMakeFiles/CMakeTmp

Run Build Command(s):D:/VisualStudio/Community/Common7 /nologo cmTC_d5e63\fast && 拒绝访问。
Generator: execution of make failed. Make command was: D:/VisualStudio/Community/Common7 /nologo cmTC_d5e63\fast && 


